-------------------
CSE247 Robot tester starts testing heaps on 2017-02-24 15:31:30 -0600

========
Testing in GradingRepos/repos/cse247-s17-students-feng.hanyu: heaps as of 2017-02-17 09:00
========
Now in: /Users/tdelanuez/cse247-support/GradingRepos/repos/cse247-s17-students-feng.hanyu
Going back in time to: 2017-02-17 09:00
At hash 41a617e24d2c7782d5f1b373eca11f864dc17661
Your branch is up-to-date with 'origin/master'.
Updating 41a617e..add1dfb
Fast-forward
 RoboGrade/heaps.txt         | 207 ++++++++++++++++++++++++++++++++++++++++++++
 labs/heaps/MinHeap.java     |  86 +++++++++++-------
 outputs/heapsort-ticks0.csv |  90 +++++++++----------
 outputs/heapsort-time0.csv  |  90 +++++++++----------
 outputs/heapticks.jpg       | Bin 30104 -> 20028 bytes
 outputs/heaptime.jpg        | Bin 0 -> 19422 bytes
 6 files changed, 352 insertions(+), 121 deletions(-)
 create mode 100644 RoboGrade/heaps.txt
 create mode 100644 outputs/heaptime.jpg

Buildfile: /Users/tdelanuez/cse247-support/build.xml

copytest:
     [echo] would copy from /Users/tdelanuez/git/cse247-s17-students-adelanuez key feng.hanyu testfilesource test/TestMinHeap package heaps repo GradingRepos/repos/cse247-s17-students-feng.hanyu
     [copy] Copying 1 file to /Users/tdelanuez/cse247-support/GradingRepos/repos/cse247-s17-students-feng.hanyu/labs/heaps/test

BUILD SUCCESSFUL
Total time: 0 seconds
Compiling the code
Buildfile: /Users/tdelanuez/cse247-support/build.xml

compile:
     [echo] Compiling heaps/MinHeap
    [mkdir] Created dir: /Users/tdelanuez/cse247-support/GradingRepos/repos/cse247-s17-students-feng.hanyu/bin
    [javac] Compiling 1 source file to /Users/tdelanuez/cse247-support/GradingRepos/repos/cse247-s17-students-feng.hanyu/bin

BUILD SUCCESSFUL
Total time: 0 seconds
Buildfile: /Users/tdelanuez/cse247-support/build.xml

compile:
     [echo] Compiling heaps/test/TestMinHeap
    [javac] Compiling 1 source file to /Users/tdelanuez/cse247-support/GradingRepos/repos/cse247-s17-students-feng.hanyu/bin

BUILD SUCCESSFUL
Total time: 0 seconds
Running test test.TestMinHeap
Buildfile: /Users/tdelanuez/cse247-support/build.xml

test:
    [junit] Running heaps.test.TestMinHeap
    [junit] Testsuite: heaps.test.TestMinHeap
    [junit] Testing unique size 0
    [junit] done
    [junit] Testing unique size 1
    [junit] done
    [junit] Testing unique size 2
    [junit] done
    [junit] Testing unique size 3
    [junit] done
    [junit] Testing unique size 4
    [junit] done
    [junit] Testing unique size 5
    [junit] done
    [junit] Testing unique size 6
    [junit] done
    [junit] Testing unique size 7
    [junit] done
    [junit] Testing unique size 8
    [junit] done
    [junit] Testing unique size 9
    [junit] done
    [junit] Testing with duplicates size 0
    [junit] done
    [junit] Testing with duplicates size 1
    [junit] done
    [junit] Testing with duplicates size 2
    [junit] done
    [junit] Testing with duplicates size 3
    [junit] done
    [junit] Testing with duplicates size 4
    [junit] done
    [junit] Testing with duplicates size 5
    [junit] done
    [junit] Testing with duplicates size 6
    [junit] done
    [junit] Testing with duplicates size 7
    [junit] done
    [junit] Testing with duplicates size 8
    [junit] done
    [junit] Testing with duplicates size 9
    [junit] done
    [junit] Displaying a correct heap of 50 unique integers:
    [junit]                                                                0                                                               
    [junit]                                2                                                               1                               
    [junit]                4                               9                               6                               3               
    [junit]        10              5               24              15              11              14              19              7       
    [junit]    31      13      16      12      30      27      29      18      23      39      43      26      22      20      37      8   
    [junit]  38  35  48  45  32  17  28  21  49  33  36  34  46  40  42  25  47  44  41
    [junit] 
    [junit] Testsuite: heaps.test.TestMinHeap
    [junit] Tests run: 1, Failures: 0, Errors: 1, Skipped: 0, Time elapsed: 0 sec
    [junit] 
    [junit] Testcase: testUsingHeapSort took 0.001 sec
    [junit] 	Caused an ERROR
    [junit] Timeout occurred. Please note the time in the report does not reflect the time until the timeout.
    [junit] junit.framework.AssertionFailedError: Timeout occurred. Please note the time in the report does not reflect the time until the timeout.
    [junit] 
    [junit] Running heaps.test.TestMinHeap
    [junit] Tests run: 1, Failures: 0, Errors: 1, Skipped: 0, Time elapsed: 0 sec

BUILD FAILED
/Users/tdelanuez/cse247-support/build.xml:34: Test heaps.test.TestMinHeap failed (timeout)

Total time: 10 seconds
========
Testing in GradingRepos/repos/cse247-s17-students-feng.hanyu: heaps as of 2017-02-24 09:00
========
Now in: /Users/tdelanuez/cse247-support/GradingRepos/repos/cse247-s17-students-feng.hanyu
Going back in time to: 2017-02-24 09:00
At hash add1dfb4165dbca56b48466678935ab09600aba7
Your branch is up-to-date with 'origin/master'.
Already up-to-date.

Buildfile: /Users/tdelanuez/cse247-support/build.xml

copytest:
     [echo] would copy from /Users/tdelanuez/git/cse247-s17-students-adelanuez key feng.hanyu testfilesource test/TestMinHeap package heaps repo GradingRepos/repos/cse247-s17-students-feng.hanyu
     [copy] Copying 1 file to /Users/tdelanuez/cse247-support/GradingRepos/repos/cse247-s17-students-feng.hanyu/labs/heaps/test

BUILD SUCCESSFUL
Total time: 0 seconds
Compiling the code
Buildfile: /Users/tdelanuez/cse247-support/build.xml

compile:
     [echo] Compiling heaps/MinHeap
    [mkdir] Created dir: /Users/tdelanuez/cse247-support/GradingRepos/repos/cse247-s17-students-feng.hanyu/bin
    [javac] Compiling 1 source file to /Users/tdelanuez/cse247-support/GradingRepos/repos/cse247-s17-students-feng.hanyu/bin

BUILD SUCCESSFUL
Total time: 0 seconds
Buildfile: /Users/tdelanuez/cse247-support/build.xml

compile:
     [echo] Compiling heaps/test/TestMinHeap
    [javac] Compiling 1 source file to /Users/tdelanuez/cse247-support/GradingRepos/repos/cse247-s17-students-feng.hanyu/bin

BUILD SUCCESSFUL
Total time: 0 seconds
Running test test.TestMinHeap
Buildfile: /Users/tdelanuez/cse247-support/build.xml

test:
    [junit] Running heaps.test.TestMinHeap
    [junit] Testsuite: heaps.test.TestMinHeap
    [junit] Testing unique size 0
    [junit] done
    [junit] Testing unique size 1
    [junit] done
    [junit] Testing unique size 2
    [junit] done
    [junit] Testing unique size 3
    [junit] done
    [junit] Testing unique size 4
    [junit] done
    [junit] Testing unique size 5
    [junit] done
    [junit] Testing unique size 6
    [junit] done
    [junit] Testing unique size 7
    [junit] done
    [junit] Testing unique size 8
    [junit] done
    [junit] Testing unique size 9
    [junit] done
    [junit] Testing with duplicates size 0
    [junit] done
    [junit] Testing with duplicates size 1
    [junit] done
    [junit] Testing with duplicates size 2
    [junit] done
    [junit] Testing with duplicates size 3
    [junit] done
    [junit] Testing with duplicates size 4
    [junit] done
    [junit] Testing with duplicates size 5
    [junit] done
    [junit] Testing with duplicates size 6
    [junit] done
    [junit] Testing with duplicates size 7
    [junit] done
    [junit] Testing with duplicates size 8
    [junit] done
    [junit] Testing with duplicates size 9
    [junit] done
    [junit] Displaying a correct heap of 50 unique integers:
    [junit]                                                                0                                                               
    [junit]                                1                                                               5                               
    [junit]                2                               7                               11                              6               
    [junit]        24              3               8               9               17              12              22              13      
    [junit]    29      27      26      4       18      14      10      15      33      23      30      16      35      45      38      46  
    [junit]  44  34  48  42  49  31  32  25  41  37  40  21  28  19  39  20  43  36  47
    [junit] 
    [junit] Tests run: 8, Failures: 0, Errors: 0, Skipped: 0, Time elapsed: 1.885 sec
    [junit] Output:
    [junit] Testing unique size 0
    [junit] done
    [junit] Testing unique size 1
    [junit] done
    [junit] Testing unique size 2
    [junit] done
    [junit] Testing unique size 3
    [junit] done
    [junit] Testing unique size 4
    [junit] done
    [junit] Testing unique size 5
    [junit] done
    [junit] Testing unique size 6
    [junit] done
    [junit] Testing unique size 7
    [junit] done
    [junit] Testing unique size 8
    [junit] done
    [junit] Testing unique size 9
    [junit] done
    [junit] Testing with duplicates size 0
    [junit] done
    [junit] Testing with duplicates size 1
    [junit] done
    [junit] Testing with duplicates size 2
    [junit] done
    [junit] Testing with duplicates size 3
    [junit] done
    [junit] Testing with duplicates size 4
    [junit] done
    [junit] Testing with duplicates size 5
    [junit] done
    [junit] Testing with duplicates size 6
    [junit] done
    [junit] Testing with duplicates size 7
    [junit] done
    [junit] Testing with duplicates size 8
    [junit] done
    [junit] Testing with duplicates size 9
    [junit] done
    [junit] Displaying a correct heap of 50 unique integers:
    [junit]                                                                0                                                               
    [junit]                                1                                                               5                               
    [junit]                2                               7                               11                              6               
    [junit]        24              3               8               9               17              12              22              13      
    [junit]    29      27      26      4       18      14      10      15      33      23      30      16      35      45      38      46  
    [junit]  44  34  48  42  49  31  32  25  41  37  40  21  28  19  39  20  43  36  47
    [junit] 
    [junit] 
    [junit] Tests run: 8, Failures: 0, Errors: 0, Skipped: 0, Time elapsed: 1.885 sec
    [junit] ------------- Standard Output ---------------
    [junit] Testing unique size 0
    [junit] done
    [junit] Testing unique size 1
    [junit] done
    [junit] Testing unique size 2
    [junit] done
    [junit] Testing unique size 3
    [junit] done
    [junit] Testing unique size 4
    [junit] done
    [junit] Testing unique size 5
    [junit] done
    [junit] Testing unique size 6
    [junit] done
    [junit] Testing unique size 7
    [junit] done
    [junit] Testing unique size 8
    [junit] done
    [junit] Testing unique size 9
    [junit] done
    [junit] Testing with duplicates size 0
    [junit] done
    [junit] Testing with duplicates size 1
    [junit] done
    [junit] Testing with duplicates size 2
    [junit] done
    [junit] Testing with duplicates size 3
    [junit] done
    [junit] Testing with duplicates size 4
    [junit] done
    [junit] Testing with duplicates size 5
    [junit] done
    [junit] Testing with duplicates size 6
    [junit] done
    [junit] Testing with duplicates size 7
    [junit] done
    [junit] Testing with duplicates size 8
    [junit] done
    [junit] Testing with duplicates size 9
    [junit] done
    [junit] Displaying a correct heap of 50 unique integers:
    [junit]                                                                0                                                               
    [junit]                                1                                                               5                               
    [junit]                2                               7                               11                              6               
    [junit]        24              3               8               9               17              12              22              13      
    [junit]    29      27      26      4       18      14      10      15      33      23      30      16      35      45      38      46  
    [junit]  44  34  48  42  49  31  32  25  41  37  40  21  28  19  39  20  43  36  47
    [junit] 
    [junit] ------------- ---------------- ---------------
    [junit] 
    [junit] Testcase: testViaSorting took 0.016 sec
    [junit] Testcase: testEmptyHeap took 0 sec
    [junit] Testcase: testAndPrint took 0.027 sec
    [junit] Testcase: testExtractMin took 0 sec
    [junit] Testcase: testLocUpdatedHeapify took 0 sec
    [junit] Testcase: testInsert took 0 sec
    [junit] Testcase: testUsingHeapSort took 1.824 sec
    [junit] Testcase: testLocUpdatedDecrease took 0 sec

BUILD SUCCESSFUL
Total time: 2 seconds
================
Lab is counted as working
================

CSE247 Robot tester ends testing heaps on 2017-02-24 15:31:51 -0600
-------------------
